<?xml version="1.0" encoding="UTF-8"?>
<!-- Generated by org.testng.reporters.JUnitReportReporter -->
<testsuite hostname="DESKTOP-K3Q28QF" failures="0" tests="10" name="com.main.Testproject" time="18.128" errors="0" timestamp="2023-08-14T12:44:39 IST" skipped="8">
  <testcase classname="com.main.Testproject" name="beforeMethod" time="7.698"/>
  <system-out/>
  <testcase classname="com.main.Testproject" name="signUp" time="10.430"/>
  <system-out/>
  <testcase classname="com.main.Testproject" name="phones">
    <skipped/>
  </testcase> <!-- phones -->
  <system-out/>
  <testcase classname="com.main.Testproject" name="logIn">
    <skipped/>
  </testcase> <!-- logIn -->
  <system-out/>
  <testcase classname="com.main.Testproject" name="aboutUs">
    <skipped/>
  </testcase> <!-- aboutUs -->
  <system-out/>
  <testcase classname="com.main.Testproject" name="monitor">
    <skipped/>
  </testcase> <!-- monitor -->
  <system-out/>
  <testcase classname="com.main.Testproject" name="contact">
    <skipped/>
  </testcase> <!-- contact -->
  <system-out/>
  <testcase classname="com.main.Testproject" name="cart">
    <skipped/>
  </testcase> <!-- cart -->
  <system-out/>
  <testcase classname="com.main.Testproject" name="afterClass">
    <skipped/>
  </testcase> <!-- afterClass -->
  <system-out/>
  <testcase classname="com.main.Testproject" name="laptop">
    <skipped/>
  </testcase> <!-- laptop -->
  <system-out/>
</testsuite> <!-- com.main.Testproject -->
