<?xml version="1.0" encoding="UTF-8"?>
<!-- Generated by org.testng.reporters.JUnitReportReporter -->
<testsuite hostname="DESKTOP-K3Q28QF" failures="0" tests="3" name="com.main.MainClass$MainTest" time="119.225" errors="0" timestamp="2023-08-18T10:51:13 IST" skipped="0">
  <testcase classname="com.main.MainClass$MainTest" name="SignUp_Test" time="15.539"/>
  <system-out/>
  <testcase classname="com.main.MainClass$MainTest" name="loginDetails" time="15.459"/>
  <system-out/>
  <testcase classname="com.main.MainClass$MainTest" name="addToCart" time="88.227"/>
  <system-out/>
</testsuite> <!-- com.main.MainClass$MainTest -->
